13:34:26.124 [main] INFO  c.e.demo.controllers.CartController - Removing item(s) from cart of user: non exist user.
13:34:26.133 [main] ERROR c.e.demo.controllers.CartController - Fail to remove items to cart. User non exist user does not exist
13:34:26.150 [main] INFO  c.e.demo.controllers.CartController - Adding item(s) to cart of user: non exist user.
13:34:26.151 [main] ERROR c.e.demo.controllers.CartController - Fail to add items to cart. User non exist user does not exist
13:34:26.153 [main] INFO  c.e.demo.controllers.CartController - Adding item(s) to cart of user: myusername.
13:34:26.156 [main] INFO  c.e.demo.controllers.CartController - Successfully add item(s) to cart of user: myusername
13:34:26.159 [main] INFO  c.e.demo.controllers.CartController - Removing item(s) from cart of user: myusername.
13:34:26.160 [main] INFO  c.e.demo.controllers.CartController - Successfully remove item(s) to cart of user: myusername
13:34:49.618 [main] INFO  c.e.demo.controllers.UserController - Create user: myusername.
13:34:49.624 [main] ERROR c.e.demo.controllers.UserController - Invalid password. Failed to create user: myusername.
13:34:49.641 [main] INFO  c.e.demo.controllers.UserController - Find user by Id: 1.
13:34:49.645 [main] INFO  c.e.demo.controllers.UserController - Create user: myusername.
13:34:49.645 [main] ERROR c.e.demo.controllers.UserController - Invalid password. Failed to create user: myusername.
13:34:49.647 [main] INFO  c.e.demo.controllers.UserController - Create user: myusername.
13:34:49.649 [main] INFO  c.e.demo.controllers.UserController - Successfully created user: myusername.
13:34:49.651 [main] INFO  c.e.demo.controllers.UserController - Find user by Id: 0.
13:34:49.654 [main] INFO  c.e.demo.controllers.UserController - Find user by username: test.
13:34:49.655 [main] INFO  c.e.demo.controllers.UserController - Successfully retrieved user: test.
13:36:06.194 [main] INFO  c.e.demo.controllers.UserController - Create user: myusername.
13:36:06.199 [main] ERROR c.e.demo.controllers.UserController - Invalid password. Failed to create user: myusername.
13:36:06.225 [main] DEBUG c.e.demo.controllers.UserController - Find user by Id: 1.
13:36:06.229 [main] INFO  c.e.demo.controllers.UserController - Create user: myusername.
13:36:06.229 [main] ERROR c.e.demo.controllers.UserController - Invalid password. Failed to create user: myusername.
13:36:06.232 [main] INFO  c.e.demo.controllers.UserController - Create user: myusername.
13:36:06.234 [main] INFO  c.e.demo.controllers.UserController - Successfully created user: myusername.
13:36:06.238 [main] DEBUG c.e.demo.controllers.UserController - Find user by Id: 0.
13:36:06.241 [main] DEBUG c.e.demo.controllers.UserController - Find user by username: test.
13:36:06.242 [main] INFO  c.e.demo.controllers.UserController - Successfully retrieved user: test.
13:36:32.049 [main] INFO  c.e.demo.controllers.UserController - Create user: myusername.
13:36:32.054 [main] ERROR c.e.demo.controllers.UserController - Invalid password. Failed to create user: myusername.
13:36:32.070 [main] INFO  c.e.demo.controllers.UserController - Find user by Id: 1.
13:36:32.074 [main] INFO  c.e.demo.controllers.UserController - Create user: myusername.
13:36:32.074 [main] ERROR c.e.demo.controllers.UserController - Invalid password. Failed to create user: myusername.
13:36:32.077 [main] INFO  c.e.demo.controllers.UserController - Create user: myusername.
13:36:32.079 [main] INFO  c.e.demo.controllers.UserController - Successfully created user: myusername.
13:36:32.082 [main] INFO  c.e.demo.controllers.UserController - Find user by Id: 0.
13:36:32.084 [main] INFO  c.e.demo.controllers.UserController - Find user by username: test.
13:36:32.085 [main] INFO  c.e.demo.controllers.UserController - Successfully retrieved user: test.
13:51:55.077 [main] INFO  c.e.demo.controllers.ItemController - Retrieve items: Round Widget.
13:51:55.090 [main] INFO  c.e.demo.controllers.ItemController - Successfully retrieved items: Round Widget.
13:51:55.149 [main] INFO  c.e.demo.controllers.ItemController - Retrieve all items.
13:51:55.153 [main] INFO  c.e.demo.controllers.ItemController - Retrieve items: non exist item.
13:51:55.153 [main] ERROR c.e.demo.controllers.ItemController - Item no exist. Failed to retrieve items: non exist item.
13:51:55.156 [main] INFO  c.e.demo.controllers.ItemController - Retrieve item id: 1.
13:52:06.385 [main] INFO  c.e.demo.controllers.OrderController - Retrieving orders from user: other
13:52:06.389 [main] ERROR c.e.demo.controllers.OrderController - user: other does not exist. Failed to retrieve the order.
13:52:06.404 [main] INFO  c.e.demo.controllers.OrderController - Submitting order for user myusername.
13:52:06.406 [main] INFO  c.e.demo.controllers.OrderController - Successfully submitted the order for user: myusername.
13:52:06.408 [main] INFO  c.e.demo.controllers.OrderController - Retrieving orders from user: myusername
13:52:06.408 [main] INFO  c.e.demo.controllers.OrderController - Successfully retrieved orders from user: myusername.
13:52:06.411 [main] INFO  c.e.demo.controllers.OrderController - Submitting order for user other.
13:52:06.412 [main] ERROR c.e.demo.controllers.OrderController - user: other does not exist. Failed to submit the order.
13:52:39.714 [main] INFO  c.e.demo.controllers.CartController - Removing item(s) from cart of user: non exist user.
13:52:39.719 [main] ERROR c.e.demo.controllers.CartController - Fail to remove items to cart. User non exist user does not exist
13:52:39.734 [main] INFO  c.e.demo.controllers.CartController - Adding item(s) to cart of user: non exist user.
13:52:39.735 [main] ERROR c.e.demo.controllers.CartController - Fail to add items to cart. User non exist user does not exist
13:52:39.737 [main] INFO  c.e.demo.controllers.CartController - Adding item(s) to cart of user: myusername.
13:52:39.740 [main] INFO  c.e.demo.controllers.CartController - Successfully add item(s) to cart of user: myusername
13:52:39.742 [main] INFO  c.e.demo.controllers.CartController - Removing item(s) from cart of user: myusername.
13:52:39.743 [main] INFO  c.e.demo.controllers.CartController - Successfully remove item(s) to cart of user: myusername
13:53:02.855 [main] INFO  c.e.demo.controllers.CartController - Removing item(s) from cart of user: non exist user.
13:53:02.859 [main] ERROR c.e.demo.controllers.CartController - Fail to remove items to cart. User non exist user does not exist
13:53:02.872 [main] INFO  c.e.demo.controllers.CartController - Adding item(s) to cart of user: non exist user.
13:53:02.873 [main] ERROR c.e.demo.controllers.CartController - Fail to add items to cart. User non exist user does not exist
13:53:02.875 [main] INFO  c.e.demo.controllers.CartController - Adding item(s) to cart of user: myusername.
13:53:02.878 [main] INFO  c.e.demo.controllers.CartController - Successfully add item(s) to cart of user: myusername
13:53:02.880 [main] INFO  c.e.demo.controllers.CartController - Removing item(s) from cart of user: myusername.
13:53:02.881 [main] INFO  c.e.demo.controllers.CartController - Successfully remove item(s) to cart of user: myusername
13:53:02.885 [main] INFO  c.e.demo.controllers.ItemController - Retrieve items: Round Widget.
13:53:02.885 [main] INFO  c.e.demo.controllers.ItemController - Successfully retrieved items: Round Widget.
13:53:02.887 [main] INFO  c.e.demo.controllers.ItemController - Retrieve all items.
13:53:02.889 [main] INFO  c.e.demo.controllers.ItemController - Retrieve items: non exist item.
13:53:02.889 [main] ERROR c.e.demo.controllers.ItemController - Item no exist. Failed to retrieve items: non exist item.
13:53:02.891 [main] INFO  c.e.demo.controllers.ItemController - Retrieve item id: 1.
13:53:02.921 [main] INFO  c.e.demo.controllers.OrderController - Retrieving orders from user: other
13:53:02.921 [main] ERROR c.e.demo.controllers.OrderController - user: other does not exist. Failed to retrieve the order.
13:53:02.924 [main] INFO  c.e.demo.controllers.OrderController - Submitting order for user myusername.
13:53:02.924 [main] INFO  c.e.demo.controllers.OrderController - Successfully submitted the order for user: myusername.
13:53:02.927 [main] INFO  c.e.demo.controllers.OrderController - Retrieving orders from user: myusername
13:53:02.927 [main] INFO  c.e.demo.controllers.OrderController - Successfully retrieved orders from user: myusername.
13:53:02.929 [main] INFO  c.e.demo.controllers.OrderController - Submitting order for user other.
13:53:02.930 [main] ERROR c.e.demo.controllers.OrderController - user: other does not exist. Failed to submit the order.
13:53:03.046 [main] INFO  c.e.demo.controllers.UserController - Create user: myusername.
13:53:03.047 [main] ERROR c.e.demo.controllers.UserController - Invalid password. Failed to create user: myusername.
13:53:03.048 [main] INFO  c.e.demo.controllers.UserController - Find user by Id: 1.
13:53:03.050 [main] INFO  c.e.demo.controllers.UserController - Create user: myusername.
13:53:03.050 [main] ERROR c.e.demo.controllers.UserController - Invalid password. Failed to create user: myusername.
13:53:03.052 [main] INFO  c.e.demo.controllers.UserController - Create user: myusername.
13:53:03.053 [main] INFO  c.e.demo.controllers.UserController - Successfully created user: myusername.
13:53:03.055 [main] INFO  c.e.demo.controllers.UserController - Find user by Id: 0.
13:53:03.058 [main] INFO  c.e.demo.controllers.UserController - Find user by username: test.
13:53:03.058 [main] INFO  c.e.demo.controllers.UserController - Successfully retrieved user: test.
